<?xml version="1.0" encoding="UTF-8"?>
<!-- Generated by org.testng.reporters.JUnitReportReporter -->
<testsuite hostname="SeenaReddy" failures="0" tests="1" name="com.testscenarios.TS_003_PayBill2" time="50.162" errors="0" timestamp="2024-03-21T08:08:55 MDT" skipped="0">
  <testcase classname="com.testscenarios.TS_003_PayBill2" name="tc_003_PayBill2" time="50.162"/>
  <system-out/>
</testsuite> <!-- com.testscenarios.TS_003_PayBill2 -->
