<?xml version="1.0" encoding="UTF-8"?>
<!-- Generated by org.testng.reporters.JUnitReportReporter -->
<testsuite hostname="DESKTOP-HLI4FIQ" failures="0" tests="1" name="com.testscenarios.TS_004_PayBill3" time="40.697" errors="0" timestamp="2024-03-21T02:24:45 CDT" skipped="0">
  <testcase classname="com.testscenarios.TS_004_PayBill3" name="TS_001_Login_InvalidTestData" time="40.697"/>
  <system-out/>
</testsuite> <!-- com.testscenarios.TS_004_PayBill3 -->
