<?xml version="1.0" encoding="UTF-8"?>
<!-- Generated by org.testng.reporters.JUnitReportReporter -->
<testsuite hostname="SeenaReddy" failures="0" tests="1" name="com.testscenarios.TS_002_PayBill" time="22.986" errors="0" timestamp="2024-03-19T07:34:12 MDT" skipped="0">
  <testcase classname="com.testscenarios.TS_002_PayBill" name="TS_001_Login_InvalidTestData" time="22.986"/>
  <system-out/>
</testsuite> <!-- com.testscenarios.TS_002_PayBill -->
