<?xml version="1.0" encoding="UTF-8"?>
<!-- Generated by org.testng.reporters.JUnitReportReporter -->
<testsuite hostname="SeenaReddy" failures="0" tests="1" name="com.testscenarios.TS_001_Login_InvalidTestData" time="30.823" errors="0" timestamp="2024-03-21T07:27:58 MDT" skipped="0">
  <testcase classname="com.testscenarios.TS_001_Login_InvalidTestData" name="TS_001_Login_InvalidTestData" time="30.823"/>
  <system-out/>
</testsuite> <!-- com.testscenarios.TS_001_Login_InvalidTestData -->
